<?xml version="1.0" encoding="UTF-8"?>
<!-- Generated by org.testng.reporters.JUnitReportReporter -->
<testsuite hostname="DESKTOP-BKE9C99" failures="0" tests="1" name="login.TC_DWS_002_Test" time="4.538" errors="0" timestamp="2024-01-04T22:00:22 IST" skipped="0">
  <testcase classname="login.TC_DWS_002_Test" name="login_test" time="4.538"/>
  <system-out/>
</testsuite> <!-- login.TC_DWS_002_Test -->
