<?xml version="1.0" encoding="UTF-8"?>
<!-- Generated by org.testng.reporters.JUnitReportReporter -->
<testsuite hostname="DESKTOP-BKE9C99" failures="0" tests="1" name="shoppingCart.TC_DWS_003_Test" time="12.661" errors="0" timestamp="2024-01-04T21:58:16 IST" skipped="0">
  <testcase classname="shoppingCart.TC_DWS_003_Test" name="shopping_test" time="12.661"/>
  <system-out/>
</testsuite> <!-- shoppingCart.TC_DWS_003_Test -->
